## [2021-11-12 00:41:13] Request #######################################

POST /v1/checkout/sessions HTTP/1.1
Host: api.stripe.com
Authorization: Bearer sk_test_PXSBCecMABLuWb6Iq9MXXejt
X-STRIPE-CLIENT-USER-AGENT: {"lang":"php","publisher":"litecart","application":{"url":"https://litecart.net/","version":"1.0","partner_id":"pp_partner_DaR9Lw5TGJwRbK","name":"Stripe Checkout for LiteCart"}}
Stripe-Version: 2019-12-03
User-Agent: LiteCart/2.2.2
Content-Type: application/x-www-form-urlencoded
Content-Length: 1324
Connection: Close

locale=en&line_items%5B0%5D%5Bimages%5D%5B0%5D=http%3A%2F%2Flocalhost%3A8092%2Fimages%2Fproducts%2F6920-30mm-1-144-scale-30-minutes-missions-customize-scene-base-desert-ver-2.webp&line_items%5B0%5D%5Bname%5D=30MM+1%2F144+Scale%0D%0A30+Minutes+Missions+%5B02%5D%0D%0ACustomize+Scene+Base%0D%0A%28Desert+Ver.%29&line_items%5B0%5D%5Bquantity%5D=2&line_items%5B0%5D%5Bamount%5D=1360&line_items%5B0%5D%5Bcurrency%5D=MYR&line_items%5B1%5D%5Bimages%5D%5B0%5D=http%3A%2F%2Flocalhost%3A8092%2Fimages%2Fproducts%2F8246-prize-figure-black-clover-dxf-figure-yuno-asta-1.webp&line_items%5B1%5D%5Bname%5D=Prize+Figure+%0D%0ABlack+Clover+DXF+Figure+%0D%0AYuno+%26+Asta&line_items%5B1%5D%5Bquantity%5D=1&line_items%5B1%5D%5Bamount%5D=12800&line_items%5B1%5D%5Bcurrency%5D=MYR&line_items%5B2%5D%5Bname%5D=IT+Toys+%28Pickup%29&line_items%5B2%5D%5Bquantity%5D=1&line_items%5B2%5D%5Bamount%5D=0&line_items%5B2%5D%5Bcurrency%5D=MYR&line_items%5B3%5D%5Bname%5D=Stripe+Checkout+-+Card&line_items%5B3%5D%5Bquantity%5D=1&line_items%5B3%5D%5Bamount%5D=566&line_items%5B3%5D%5Bcurrency%5D=MYR&customer_email=ljsitsolution%40gmail.com&client_reference_id=11400&payment_intent_data%5Bdescription%5D=Order+11400&payment_method_types%5B0%5D=card&success_url=http%3A%2F%2Flocalhost%3A8092%2Forder_process&cancel_url=http%3A%2F%2Flocalhost%3A8092%2Fcheckout

## [2021-11-12 00:41:15] Response — 3620 bytes transferred in 2.053 s ##

HTTP/1.1 200 OK
Server: nginx
Date: Thu, 11 Nov 2021 16:41:16 GMT
Content-Type: application/json
Content-Length: 2885
Connection: close
access-control-allow-credentials: true
access-control-allow-methods: GET, POST, HEAD, OPTIONS, DELETE
access-control-allow-origin: *
access-control-expose-headers: Request-Id, Stripe-Manage-Version, X-Stripe-External-Auth-Required, X-Stripe-Privileged-Session-Required
access-control-max-age: 300
cache-control: no-cache, no-store
idempotency-key: 2232e672-d6eb-403f-b6da-080610824d8d
original-request: req_n0WSXzlWxi9U3a
request-id: req_n0WSXzlWxi9U3a
stripe-should-retry: false
stripe-version: 2019-12-03
Strict-Transport-Security: max-age=31556926; includeSubDomains; preload

{
  "id": "cs_test_b1Koll6JwBnvZAeLswGpxWr0J0A8Eo5Da6UuiPqXpMG6ohZVN3yjrq8Yi8",
  "object": "checkout.session",
  "after_expiration": null,
  "allow_promotion_codes": null,
  "amount_subtotal": 16086,
  "amount_total": 16086,
  "automatic_tax": {
    "enabled": false,
    "status": null
  },
  "billing_address_collection": null,
  "cancel_url": "http://localhost:8092/checkout",
  "client_reference_id": "11400",
  "consent": null,
  "consent_collection": null,
  "currency": "myr",
  "customer": null,
  "customer_details": {
    "email": "ljsitsolution@gmail.com",
    "phone": null,
    "tax_exempt": "none",
    "tax_ids": null
  },
  "customer_email": "ljsitsolution@gmail.com",
  "display_items": [
    {
      "amount": 1360,
      "currency": "myr",
      "custom": {
        "description": null,
        "images": [
          "http://localhost:8092/images/products/6920-30mm-1-144-scale-30-minutes-missions-customize-scene-base-desert-ver-2.webp"
        ],
        "name": "30MM 1/144 Scale\r\n30 Minutes Missions [02]\r\nCustomize Scene Base\r\n(Desert Ver.)"
      },
      "quantity": 2,
      "type": "custom"
    },
    {
      "amount": 12800,
      "currency": "myr",
      "custom": {
        "description": null,
        "images": [
          "http://localhost:8092/images/products/8246-prize-figure-black-clover-dxf-figure-yuno-asta-1.webp"
        ],
        "name": "Prize Figure \r\nBlack Clover DXF Figure \r\nYuno \u0026 Asta"
      },
      "quantity": 1,
      "type": "custom"
    },
    {
      "amount": 0,
      "currency": "myr",
      "custom": {
        "description": null,
        "images": null,
        "name": "IT Toys (Pickup)"
      },
      "quantity": 1,
      "type": "custom"
    },
    {
      "amount": 566,
      "currency": "myr",
      "custom": {
        "description": null,
        "images": null,
        "name": "Stripe Checkout - Card"
      },
      "quantity": 1,
      "type": "custom"
    }
  ],
  "expires_at": 1636735275,
  "livemode": false,
  "locale": "en",
  "metadata": {
  },
  "mode": "payment",
  "payment_intent": "pi_3JugKtGwLbLrEC7Q0MPhG3Wm",
  "payment_method_options": {
  },
  "payment_method_types": [
    "card"
  ],
  "payment_status": "unpaid",
  "phone_number_collection": {
    "enabled": false
  },
  "recovered_from": null,
  "setup_intent": null,
  "shipping": null,
  "shipping_address_collection": null,
  "status": "open",
  "submit_type": null,
  "subscription": null,
  "success_url": "http://localhost:8092/order_process",
  "total_details": {
    "amount_discount": 0,
    "amount_shipping": 0,
    "amount_tax": 0
  },
  "url": "https://checkout.stripe.com/pay/cs_test_b1Koll6JwBnvZAeLswGpxWr0J0A8Eo5Da6UuiPqXpMG6ohZVN3yjrq8Yi8#fidkdWxOYHwnPyd1blpxYHZxWjJ2XzBTUU9qSmlGb1dVRl9LU1d%2FVj1WYicpJ2N3amhWYHdzYHcnP3F3cGApJ2lkfGpwcVF8dWAnPydocGlxbFpscWBoJyknYGtkZ2lgVWlkZmBtamlhYHd2Jz9xd3BgeCUl"
}


