/*%20Copyright%202021%20Google%20Inc.%20All%20Rights%20Reserved.%20*/.goog-te-banner-frame%7Bleft:0px;top:0px;height:39px;width:100%;z-index:10000001;position:fixed;border:none;border-bottom:1px%20solid%20
/+alpha-phi+gifts
/-/fr/acc%C3%A9l%C3%A9rom%C3%A8tre-stationnement-enregistrement-d%C3%A9tection-mouvement/dp/B086ML686Q/ref=bmx_dp_q5b1fn1n_4/000-0000000-0000000
/2018/
/2019/
/2020/
/Neko_manga/film-anime/
/PvLgG617jAC4YhasRE/3j0n4T4F1B9R8mnN/yjmtvMRReTNVbXGfERJ/HHje36EtdvgZ
/admin/fontawesome-webfont.woff2
/ajax/combine_ajax
/ajax/combined_checkout_cart
/ajax/combined_checkout_payment
/ajax/combined_checkout_summary
/backup/
/bak/
/bk/
/blog/
/browse
/celsiusteknikk/app/137541772984354/
/cms/
/create_account/
/demo/
/dev/
/en
/home/
/install/
/main/
/model-kits-c-623/1-12-scale-littlearmory-gun-rack-d-p-4511size:%2011px;
/new-site/
/new/
/old-site/
/old-wp/
/old/
/products-c-466/1x
/robots-c-474/1x
/site/
/specialoffer_products
/specialprice_products
/temp/
/term/mensetsu/
/test/
/tmp/
/tv/channel=10/programID=20191/
/tv/channel=10/programID=44855/
/v1/
/v2/
/web/
/wordpress/
/wp-admin/css/
/wp-content/
/wp/
/wp1/
/wp2/
